[2025-11-17 02:58:53] INFO: Запущен {RaceConditionDemo}:
[2025-11-17 02:58:56] INFO: Unsafe: 0
[2025-11-17 02:58:56] INFO: Unsafe: 0
[2025-11-17 02:58:56] INFO: Unsafe: 2
[2025-11-17 02:58:56] INFO: Unsafe: 3
[2025-11-17 02:58:56] INFO: Unsafe: 4
[2025-11-17 02:58:56] INFO: Unsafe: 5
[2025-11-17 02:58:56] INFO: Unsafe: 1
[2025-11-17 02:58:56] INFO: Unsafe: 7
[2025-11-17 02:58:56] INFO: Unsafe: 6
[2025-11-17 02:58:56] INFO: Unsafe: 9
[2025-11-17 02:58:56] INFO: Unsafe: 8
[2025-11-17 02:58:56] INFO: Lock: 0
[2025-11-17 02:58:56] INFO: Lock: 1
[2025-11-17 02:58:56] INFO: Lock: 2
[2025-11-17 02:58:56] INFO: Lock: 3
[2025-11-17 02:58:56] INFO: Lock: 4
[2025-11-17 02:58:56] INFO: Lock: 5
[2025-11-17 02:58:56] INFO: Lock: 6
[2025-11-17 02:58:56] INFO: Lock: 7
[2025-11-17 02:58:56] INFO: Lock: 8
[2025-11-17 02:58:56] INFO: Lock: 9
[2025-11-17 02:58:56] INFO: Interlocked: 1
[2025-11-17 02:58:56] INFO: Interlocked: 3
[2025-11-17 02:58:56] INFO: Interlocked: 2
[2025-11-17 02:58:56] INFO: Interlocked: 5
[2025-11-17 02:58:56] INFO: Interlocked: 6
[2025-11-17 02:58:56] INFO: Interlocked: 7
[2025-11-17 02:58:56] INFO: Interlocked: 8
[2025-11-17 02:58:56] INFO: Interlocked: 9
[2025-11-17 02:58:56] INFO: Interlocked: 10
[2025-11-17 02:58:56] INFO: Interlocked: 4
[2025-11-17 02:58:56] INFO: Результаты:
[2025-11-17 02:58:56] INFO: Метод			Время (мс)	Итоговое значение
[2025-11-17 02:58:56] INFO: UnsafeIncrement     	       7		11
[2025-11-17 02:58:56] INFO: LockIncrement       	       3		10
[2025-11-17 02:58:56] INFO: InterlockedIncrement	       4		10
[2025-11-17 02:58:56] INFO: Число потоков: 2, инкремент: 10
[2025-11-17 02:59:03] INFO: Запущен {ProducerConsumerDemo}:
[2025-11-17 02:59:03] INFO: Producer добавил: 1
[2025-11-17 02:59:03] INFO: Consumer 1 обрабатывает: 1
[2025-11-17 02:59:03] INFO: Producer добавил: 2
[2025-11-17 02:59:03] INFO: Consumer 3 обрабатывает: 2
[2025-11-17 02:59:03] INFO: Producer добавил: 3
[2025-11-17 02:59:03] INFO: Consumer 2 обрабатывает: 3
[2025-11-17 02:59:03] INFO: Producer добавил: 4
[2025-11-17 02:59:03] INFO: Producer добавил: 5
[2025-11-17 02:59:03] INFO: Producer добавил: 6
[2025-11-17 02:59:03] INFO: Producer добавил: 7
[2025-11-17 02:59:03] INFO: Producer добавил: 8
[2025-11-17 02:59:03] INFO: Consumer 1 завершил: 1 = 2
[2025-11-17 02:59:03] INFO: Consumer 1 обрабатывает: 4
[2025-11-17 02:59:03] INFO: Producer добавил: 9
[2025-11-17 02:59:03] INFO: Consumer 3 завершил: 2 = 4
[2025-11-17 02:59:03] INFO: Consumer 3 обрабатывает: 5
[2025-11-17 02:59:03] INFO: Producer добавил: 10
[2025-11-17 02:59:03] INFO: Consumer 2 завершил: 3 = 6
[2025-11-17 02:59:03] INFO: Consumer 2 обрабатывает: 6
[2025-11-17 02:59:03] INFO: Producer добавил: 11
[2025-11-17 02:59:03] INFO: Producer добавил: 12
[2025-11-17 02:59:03] INFO: Producer добавил: 13
[2025-11-17 02:59:03] INFO: Producer добавил: 14
[2025-11-17 02:59:03] INFO: Producer добавил: 15
[2025-11-17 02:59:03] INFO: Consumer 1 завершил: 4 = 8
[2025-11-17 02:59:03] INFO: Consumer 1 обрабатывает: 7
[2025-11-17 02:59:03] INFO: Consumer 3 завершил: 5 = 10
[2025-11-17 02:59:03] INFO: Producer добавил: 16
[2025-11-17 02:59:03] INFO: Consumer 3 обрабатывает: 8
[2025-11-17 02:59:03] INFO: Producer добавил: 17
[2025-11-17 02:59:03] INFO: Consumer 2 завершил: 6 = 12
[2025-11-17 02:59:03] INFO: Consumer 2 обрабатывает: 9
[2025-11-17 02:59:03] INFO: Producer добавил: 18
[2025-11-17 02:59:03] INFO: Producer добавил: 19
[2025-11-17 02:59:03] INFO: Producer добавил: 20
[2025-11-17 02:59:03] INFO: Producer добавил: 21
[2025-11-17 02:59:03] INFO: Producer добавил: 22
[2025-11-17 02:59:03] INFO: Consumer 1 завершил: 7 = 14
[2025-11-17 02:59:03] INFO: Consumer 1 обрабатывает: 10
[2025-11-17 02:59:03] INFO: Producer добавил: 23
[2025-11-17 02:59:03] INFO: Consumer 3 завершил: 8 = 16
[2025-11-17 02:59:03] INFO: Consumer 3 обрабатывает: 11
[2025-11-17 02:59:03] INFO: Producer добавил: 24
[2025-11-17 02:59:03] INFO: Consumer 2 завершил: 9 = 18
[2025-11-17 02:59:03] INFO: Consumer 2 обрабатывает: 12
[2025-11-17 02:59:03] INFO: Producer добавил: 25
[2025-11-17 02:59:03] INFO: Producer добавил: 26
[2025-11-17 02:59:03] INFO: Producer добавил: 27
[2025-11-17 02:59:03] INFO: Producer добавил: 28
[2025-11-17 02:59:03] INFO: Producer добавил: 29
[2025-11-17 02:59:03] INFO: Consumer 1 завершил: 10 = 20
[2025-11-17 02:59:03] INFO: Consumer 1 обрабатывает: 13
[2025-11-17 02:59:03] INFO: Producer добавил: 30
[2025-11-17 02:59:03] INFO: Consumer 3 завершил: 11 = 22
[2025-11-17 02:59:03] INFO: Consumer 3 обрабатывает: 14
[2025-11-17 02:59:03] INFO: Producer добавил: 31
[2025-11-17 02:59:03] INFO: Consumer 2 завершил: 12 = 24
[2025-11-17 02:59:03] INFO: Consumer 2 обрабатывает: 15
[2025-11-17 02:59:03] INFO: Producer добавил: 32
[2025-11-17 02:59:03] INFO: Producer добавил: 33
[2025-11-17 02:59:03] INFO: Producer добавил: 34
[2025-11-17 02:59:03] INFO: Producer добавил: 35
[2025-11-17 02:59:03] INFO: Producer добавил: 36
[2025-11-17 02:59:03] INFO: Consumer 1 завершил: 13 = 26
[2025-11-17 02:59:03] INFO: Consumer 1 обрабатывает: 16
[2025-11-17 02:59:03] INFO: Producer добавил: 37
[2025-11-17 02:59:03] INFO: Consumer 3 завершил: 14 = 28
[2025-11-17 02:59:03] INFO: Consumer 3 обрабатывает: 17
[2025-11-17 02:59:03] INFO: Producer добавил: 38
[2025-11-17 02:59:03] INFO: Consumer 2 завершил: 15 = 30
[2025-11-17 02:59:03] INFO: Consumer 2 обрабатывает: 18
[2025-11-17 02:59:03] INFO: Producer добавил: 39
[2025-11-17 02:59:03] INFO: Producer добавил: 40
[2025-11-17 02:59:03] INFO: Producer добавил: 41
[2025-11-17 02:59:03] INFO: Producer добавил: 42
[2025-11-17 02:59:03] INFO: Producer добавил: 43
[2025-11-17 02:59:03] INFO: Consumer 1 завершил: 16 = 32
[2025-11-17 02:59:03] INFO: Consumer 1 обрабатывает: 19
[2025-11-17 02:59:03] INFO: Producer добавил: 44
[2025-11-17 02:59:03] INFO: Consumer 3 завершил: 17 = 34
[2025-11-17 02:59:03] INFO: Consumer 3 обрабатывает: 20
[2025-11-17 02:59:03] INFO: Producer добавил: 45
[2025-11-17 02:59:03] INFO: Consumer 2 завершил: 18 = 36
[2025-11-17 02:59:03] INFO: Consumer 2 обрабатывает: 21
[2025-11-17 02:59:03] INFO: Producer добавил: 46
[2025-11-17 02:59:03] INFO: Producer добавил: 47
[2025-11-17 02:59:03] INFO: Producer добавил: 48
[2025-11-17 02:59:03] INFO: Producer добавил: 49
[2025-11-17 02:59:04] INFO: Producer добавил: 50
[2025-11-17 02:59:04] INFO: Consumer 1 завершил: 19 = 38
[2025-11-17 02:59:04] INFO: Consumer 1 обрабатывает: 22
[2025-11-17 02:59:04] INFO: Producer добавил: 51
[2025-11-17 02:59:04] INFO: Consumer 3 завершил: 20 = 40
[2025-11-17 02:59:04] INFO: Consumer 3 обрабатывает: 23
[2025-11-17 02:59:04] INFO: Producer добавил: 52
[2025-11-17 02:59:04] INFO: Consumer 2 завершил: 21 = 42
[2025-11-17 02:59:04] INFO: Consumer 2 обрабатывает: 24
[2025-11-17 02:59:04] INFO: Producer добавил: 53
[2025-11-17 02:59:04] INFO: Producer добавил: 54
[2025-11-17 02:59:04] INFO: Producer добавил: 55
[2025-11-17 02:59:04] INFO: Producer добавил: 56
[2025-11-17 02:59:04] INFO: Producer добавил: 57
[2025-11-17 02:59:04] INFO: Consumer 1 завершил: 22 = 44
[2025-11-17 02:59:04] INFO: Consumer 1 обрабатывает: 25
[2025-11-17 02:59:04] INFO: Producer добавил: 58
[2025-11-17 02:59:04] INFO: Consumer 3 завершил: 23 = 46
[2025-11-17 02:59:04] INFO: Consumer 3 обрабатывает: 26
[2025-11-17 02:59:04] INFO: Producer добавил: 59
[2025-11-17 02:59:04] INFO: Consumer 2 завершил: 24 = 48
[2025-11-17 02:59:04] INFO: Consumer 2 обрабатывает: 27
[2025-11-17 02:59:04] INFO: Producer добавил: 60
[2025-11-17 02:59:04] INFO: Producer добавил: 61
[2025-11-17 02:59:04] INFO: Producer добавил: 62
[2025-11-17 02:59:04] INFO: Producer добавил: 63
[2025-11-17 02:59:04] INFO: Producer добавил: 64
[2025-11-17 02:59:04] INFO: Consumer 1 завершил: 25 = 50
[2025-11-17 02:59:04] INFO: Consumer 1 обрабатывает: 28
[2025-11-17 02:59:04] INFO: Producer добавил: 65
[2025-11-17 02:59:04] INFO: Consumer 3 завершил: 26 = 52
[2025-11-17 02:59:04] INFO: Consumer 3 обрабатывает: 29
[2025-11-17 02:59:04] INFO: Producer добавил: 66
[2025-11-17 02:59:04] INFO: Consumer 2 завершил: 27 = 54
[2025-11-17 02:59:04] INFO: Consumer 2 обрабатывает: 30
[2025-11-17 02:59:04] INFO: Producer добавил: 67
[2025-11-17 02:59:04] INFO: Producer добавил: 68
[2025-11-17 02:59:04] INFO: Producer добавил: 69
[2025-11-17 02:59:04] INFO: Producer добавил: 70
[2025-11-17 02:59:04] INFO: Producer добавил: 71
[2025-11-17 02:59:04] INFO: Consumer 1 завершил: 28 = 56
[2025-11-17 02:59:04] INFO: Consumer 1 обрабатывает: 31
[2025-11-17 02:59:04] INFO: Producer добавил: 72
[2025-11-17 02:59:04] INFO: Consumer 3 завершил: 29 = 58
[2025-11-17 02:59:04] INFO: Consumer 3 обрабатывает: 32
[2025-11-17 02:59:04] INFO: Consumer 2 завершил: 30 = 60
[2025-11-17 02:59:04] INFO: Consumer 2 обрабатывает: 33
[2025-11-17 02:59:04] INFO: Producer добавил: 73
[2025-11-17 02:59:04] INFO: Producer добавил: 74
[2025-11-17 02:59:04] INFO: Producer добавил: 75
[2025-11-17 02:59:04] INFO: Producer добавил: 76
[2025-11-17 02:59:04] INFO: Consumer 1 завершил: 31 = 62
[2025-11-17 02:59:04] INFO: Consumer 1 обрабатывает: 34
[2025-11-17 02:59:04] INFO: Consumer 3 завершил: 32 = 64
[2025-11-17 02:59:04] INFO: Consumer 3 обрабатывает: 35
[2025-11-17 02:59:04] INFO: Consumer 2 завершил: 33 = 66
[2025-11-17 02:59:04] INFO: Consumer 2 обрабатывает: 36
[2025-11-17 02:59:04] INFO: Consumer 1 завершил: 34 = 68
[2025-11-17 02:59:04] INFO: Consumer 1 обрабатывает: 37
[2025-11-17 02:59:04] INFO: Consumer 3 завершил: 35 = 70
[2025-11-17 02:59:04] INFO: Consumer 3 обрабатывает: 38
[2025-11-17 02:59:04] INFO: Consumer 2 завершил: 36 = 72
[2025-11-17 02:59:04] INFO: Consumer 2 обрабатывает: 39
[2025-11-17 02:59:04] INFO: Consumer 1 завершил: 37 = 74
[2025-11-17 02:59:04] INFO: Consumer 1 обрабатывает: 40
[2025-11-17 02:59:04] INFO: Consumer 3 завершил: 38 = 76
[2025-11-17 02:59:04] INFO: Consumer 3 обрабатывает: 41
[2025-11-17 02:59:04] INFO: Consumer 2 завершил: 39 = 78
[2025-11-17 02:59:04] INFO: Consumer 2 обрабатывает: 42
[2025-11-17 02:59:04] INFO: Consumer 1 завершил: 40 = 80
[2025-11-17 02:59:04] INFO: Consumer 1 обрабатывает: 43
[2025-11-17 02:59:04] INFO: Consumer 3 завершил: 41 = 82
[2025-11-17 02:59:04] INFO: Consumer 3 обрабатывает: 44
[2025-11-17 02:59:04] INFO: Consumer 2 завершил: 42 = 84
[2025-11-17 02:59:04] INFO: Consumer 2 обрабатывает: 45
[2025-11-17 02:59:04] INFO: Consumer 1 завершил: 43 = 86
[2025-11-17 02:59:04] INFO: Consumer 1 обрабатывает: 46
[2025-11-17 02:59:04] INFO: Consumer 3 завершил: 44 = 88
[2025-11-17 02:59:04] INFO: Consumer 3 обрабатывает: 47
[2025-11-17 02:59:04] INFO: Consumer 2 завершил: 45 = 90
[2025-11-17 02:59:04] INFO: Consumer 2 обрабатывает: 48
[2025-11-17 02:59:04] INFO: Consumer 1 завершил: 46 = 92
[2025-11-17 02:59:04] INFO: Consumer 1 обрабатывает: 49
[2025-11-17 02:59:05] INFO: Consumer 3 завершил: 47 = 94
[2025-11-17 02:59:05] INFO: Consumer 3 обрабатывает: 50
[2025-11-17 02:59:05] INFO: Consumer 2 завершил: 48 = 96
[2025-11-17 02:59:05] INFO: Consumer 2 обрабатывает: 51
[2025-11-17 02:59:05] INFO: Consumer 1 завершил: 49 = 98
[2025-11-17 02:59:05] INFO: Consumer 1 обрабатывает: 52
[2025-11-17 02:59:05] INFO: Consumer 3 завершил: 50 = 100
[2025-11-17 02:59:05] INFO: Consumer 3 обрабатывает: 53
[2025-11-17 02:59:05] INFO: Consumer 2 завершил: 51 = 102
[2025-11-17 02:59:05] INFO: Consumer 2 обрабатывает: 54
[2025-11-17 02:59:05] INFO: Consumer 1 завершил: 52 = 104
[2025-11-17 02:59:05] INFO: Consumer 1 обрабатывает: 55
[2025-11-17 02:59:05] INFO: Consumer 3 завершил: 53 = 106
[2025-11-17 02:59:05] INFO: Consumer 3 обрабатывает: 56
[2025-11-17 02:59:05] INFO: Consumer 2 завершил: 54 = 108
[2025-11-17 02:59:05] INFO: Consumer 2 обрабатывает: 57
[2025-11-17 02:59:05] INFO: Consumer 1 завершил: 55 = 110
[2025-11-17 02:59:05] INFO: Consumer 1 обрабатывает: 58
[2025-11-17 02:59:05] INFO: Consumer 3 завершил: 56 = 112
[2025-11-17 02:59:05] INFO: Consumer 3 обрабатывает: 59
[2025-11-17 02:59:05] INFO: Consumer 2 завершил: 57 = 114
[2025-11-17 02:59:05] INFO: Consumer 2 обрабатывает: 60
[2025-11-17 02:59:05] INFO: Consumer 1 завершил: 58 = 116
[2025-11-17 02:59:05] INFO: Consumer 1 обрабатывает: 61
[2025-11-17 02:59:05] INFO: Consumer 3 завершил: 59 = 118
[2025-11-17 02:59:05] INFO: Consumer 3 обрабатывает: 62
[2025-11-17 02:59:05] INFO: Consumer 2 завершил: 60 = 120
[2025-11-17 02:59:05] INFO: Consumer 2 обрабатывает: 63
[2025-11-17 02:59:05] INFO: Consumer 1 завершил: 61 = 122
[2025-11-17 02:59:05] INFO: Consumer 1 обрабатывает: 64
[2025-11-17 02:59:05] INFO: Consumer 3 завершил: 62 = 124
[2025-11-17 02:59:05] INFO: Consumer 3 обрабатывает: 65
[2025-11-17 02:59:05] INFO: Consumer 2 завершил: 63 = 126
[2025-11-17 02:59:05] INFO: Consumer 2 обрабатывает: 66
[2025-11-17 02:59:05] INFO: Consumer 1 завершил: 64 = 128
[2025-11-17 02:59:05] INFO: Consumer 1 обрабатывает: 67
[2025-11-17 02:59:05] INFO: Consumer 3 завершил: 65 = 130
[2025-11-17 02:59:05] INFO: Consumer 3 обрабатывает: 68
[2025-11-17 02:59:05] INFO: Consumer 2 завершил: 66 = 132
[2025-11-17 02:59:05] INFO: Consumer 2 обрабатывает: 69
[2025-11-17 02:59:05] INFO: Consumer 1 завершил: 67 = 134
[2025-11-17 02:59:05] INFO: Consumer 1 обрабатывает: 70
[2025-11-17 02:59:05] INFO: Consumer 3 завершил: 68 = 136
[2025-11-17 02:59:05] INFO: Consumer 3 обрабатывает: 71
[2025-11-17 02:59:05] INFO: Consumer 2 завершил: 69 = 138
[2025-11-17 02:59:05] INFO: Consumer 2 обрабатывает: 72
[2025-11-17 02:59:05] INFO: Consumer 1 завершил: 70 = 140
[2025-11-17 02:59:05] INFO: Consumer 1 обрабатывает: 73
[2025-11-17 02:59:05] INFO: Consumer 3 завершил: 71 = 142
[2025-11-17 02:59:05] INFO: Consumer 3 обрабатывает: 74
[2025-11-17 02:59:05] INFO: Consumer 2 завершил: 72 = 144
[2025-11-17 02:59:05] INFO: Consumer 2 обрабатывает: 75
[2025-11-17 02:59:05] INFO: Consumer 1 завершил: 73 = 146
[2025-11-17 02:59:05] INFO: Consumer 1 обрабатывает: 76
[2025-11-17 02:59:05] INFO: Consumer 3 завершил: 74 = 148
[2025-11-17 02:59:05] INFO: Consumer 3 завершён.
[2025-11-17 02:59:06] INFO: Consumer 2 завершил: 75 = 150
[2025-11-17 02:59:06] INFO: Consumer 2 завершён.
[2025-11-17 02:59:06] INFO: Consumer 1 завершил: 76 = 152
[2025-11-17 02:59:06] INFO: Consumer 1 завершён.
[2025-11-17 02:59:06] INFO: Все задачи завершены.
