[2025-11-29 04:35:21] INFO: Прочитано 3 записей из txt.
[2025-11-29 04:35:22] INFO: Успешно вставлено 3 записей в БД.
[2025-11-29 04:35:22] INFO: Экспорт в JSON и XML завершён успешно.
[2025-11-29 04:35:33] INFO: Отчет: [
  {
    "Category": "Transport",
    "Amount": 15.15
  },
  {
    "Category": "Food",
    "Amount": 35.50
  }
]
[2025-11-29 04:35:39] INFO: Фильтрованный отчет: [
  {
    "Id": 6,
    "Date": "2025-09-01T00:00:00",
    "Category": "Food",
    "Amount": 12.50,
    "Note": "Lunch"
  },
  {
    "Id": 7,
    "Date": "2025-09-02T00:00:00",
    "Category": "Transport",
    "Amount": 2.75,
    "Note": "Bus"
  },
  {
    "Id": 8,
    "Date": "2025-08-29T00:00:00",
    "Category": "Transport",
    "Amount": 3.55,
    "Note": "Bus"
  },
  {
    "Id": 9,
    "Date": "2025-09-01T00:00:00",
    "Category": "Food",
    "Amount": 11.50,
    "Note": "Lunch"
  }
]