[2025-11-21 00:19:34] INFO: === ЗАДАНИЕ 1 ===
[2025-11-21 00:19:34] INFO: Последовательный запуск...
[2025-11-21 00:19:34] INFO: Нажмите 'c' для отмены...
[2025-11-21 00:19:34] INFO: [A] start
[2025-11-21 00:19:35] INFO: [A] finish
[2025-11-21 00:19:35] INFO: [B] start
[2025-11-21 00:19:36] INFO: [B] finish
[2025-11-21 00:19:36] INFO: [C] start
[2025-11-21 00:19:37] INFO: [C] finish
[2025-11-21 00:19:37] INFO: РЕЗУЛЬТАТЫ: Data for A, Data for B, Data for C
[2025-11-21 00:19:37] INFO: Время последовательного: 3027 ms
[2025-11-21 00:19:37] INFO: Параллельный запуск...
[2025-11-21 00:19:37] INFO: [A] start
[2025-11-21 00:19:37] INFO: [B] start
[2025-11-21 00:19:37] INFO: [C] start
[2025-11-21 00:19:38] INFO: [C] finish
[2025-11-21 00:19:38] INFO: [B] finish
[2025-11-21 00:19:38] INFO: [A] finish
[2025-11-21 00:19:38] INFO: РЕЗУЛЬТАТЫ: Data for A, Data for B, Data for C
[2025-11-21 00:19:38] INFO: Время параллельного: 1008 ms
[2025-11-21 00:19:38] INFO: === ЗАДАНИЕ 2 ===
[2025-11-21 00:19:38] INFO: Всего ids = 20
[2025-11-21 00:19:38] INFO: Нажмите 'c' для отмены загрузок...
[2025-11-21 00:19:38] INFO: [1] start
[2025-11-21 00:19:38] INFO: [2] start
[2025-11-21 00:19:38] INFO: [3] start
[2025-11-21 00:19:38] INFO: [4] start
[2025-11-21 00:19:38] INFO: [1] finish
[2025-11-21 00:19:38] INFO: [5] start
[2025-11-21 00:19:38] INFO: [3] finish
[2025-11-21 00:19:38] INFO: [6] start
[2025-11-21 00:19:38] INFO: [2] finish
[2025-11-21 00:19:38] INFO: [7] start
[2025-11-21 00:19:38] INFO: [7] finish
[2025-11-21 00:19:38] INFO: [8] start
[2025-11-21 00:19:38] ERROR: [5] Random failure
[2025-11-21 00:19:38] INFO: [9] start
[2025-11-21 00:19:38] INFO: [4] finish
[2025-11-21 00:19:38] INFO: [10] start
[2025-11-21 00:19:38] INFO: [6] finish
[2025-11-21 00:19:38] INFO: [11] start
[2025-11-21 00:19:39] INFO: [8] finish
[2025-11-21 00:19:39] INFO: [12] start
[2025-11-21 00:19:39] ERROR: [11] Random failure
[2025-11-21 00:19:39] INFO: [13] start
[2025-11-21 00:19:39] INFO: [10] finish
[2025-11-21 00:19:39] INFO: [14] start
[2025-11-21 00:19:39] INFO: [13] finish
[2025-11-21 00:19:39] INFO: [15] start
[2025-11-21 00:19:39] INFO: [9] finish
[2025-11-21 00:19:39] INFO: [16] start
[2025-11-21 00:19:39] INFO: [14] finish
[2025-11-21 00:19:39] INFO: [17] start
[2025-11-21 00:19:39] INFO: [12] finish
[2025-11-21 00:19:39] INFO: [18] start
[2025-11-21 00:19:40] INFO: [15] finish
[2025-11-21 00:19:40] INFO: [19] start
[2025-11-21 00:19:40] INFO: [18] finish
[2025-11-21 00:19:40] INFO: [20] start
[2025-11-21 00:19:40] INFO: [20] finish
[2025-11-21 00:19:40] ERROR: [17] Random failure
[2025-11-21 00:19:40] INFO: [19] finish
[2025-11-21 00:19:40] INFO: [16] finish
[2025-11-21 00:19:40] INFO: === ИТОГИ ===
[2025-11-21 00:19:40] INFO: Успешно: 17
[2025-11-21 00:19:40] ERROR: Ошибок: 3
[2025-11-21 00:19:40] ERROR:   id=5: Random failure
[2025-11-21 00:19:40] ERROR:   id=11: Random failure
[2025-11-21 00:19:40] ERROR:   id=17: Random failure
[2025-11-21 00:19:40] INFO: Было ли прерывание: False
[2025-11-21 00:19:40] INFO: Время выполнения: 2568 ms